Copyright 1986-2019 Xilinx, Inc. All Rights Reserved.
--------------------------------------------------------------------------------------------------------------------------------------------------------------------------------------------------------------
| Tool Version : Vivado v.2019.2 (lin64) Build 2708876 Wed Nov  6 21:39:14 MST 2019
| Date         : Sun Apr 25 14:10:45 2021
| Host         : fpga-n0.crc.pitt.edu running 64-bit Red Hat Enterprise Linux Server release 7.9 (Maipo)
| Command      : report_accelerator_utilization -kernels { nano_rev_nano_rev:pfm_top_i/dynamic_region/nano_rev_1/inst:nano_rev_1} -file ../../../output/kernel_util_routed.rpt -name kernel_util_routed -json
| Design       : pfm_top_wrapper
| Device       : xcu200
| Design State : Routed
--------------------------------------------------------------------------------------------------------------------------------------------------------------------------------------------------------------

Accelerator Utilization Design Information

Table of Contents
-----------------
1. System Utilization

1. System Utilization
---------------------

+---------------------+-------------------+------------------+-------------------+----------------+---------------+----------------+
| Name                | LUT               | LUTAsMem         | REG               | BRAM           | URAM          | DSP            |
+---------------------+-------------------+------------------+-------------------+----------------+---------------+----------------+
| Platform            |  151677 [ 12.83%] |  17649 [  2.98%] |  221124 [  9.35%] |  301 [ 13.94%] |   0 [  0.00%] |    7 [  0.10%] |
| User Budget         | 1030563 [100.00%] | 574191 [100.00%] | 2143356 [100.00%] | 1859 [100.00%] | 960 [100.00%] | 6833 [100.00%] |
|    Used Resources   |  109525 [ 10.63%] |    125 [  0.02%] |  140642 [  6.56%] |   25 [  1.34%] |   0 [  0.00%] |  185 [  2.71%] |
|    Unused Resources |  921038 [ 89.37%] | 574066 [ 99.98%] | 2002714 [ 93.44%] | 1834 [ 98.66%] | 960 [100.00%] | 6648 [ 97.29%] |
| nano_rev_nano_rev   |  109525 [ 10.63%] |    125 [  0.02%] |  140642 [  6.56%] |   25 [  1.34%] |   0 [  0.00%] |  185 [  2.71%] |
|    nano_rev_1       |  109525 [ 10.63%] |    125 [  0.02%] |  140642 [  6.56%] |   25 [  1.34%] |   0 [  0.00%] |  185 [  2.71%] |
+---------------------+-------------------+------------------+-------------------+----------------+---------------+----------------+


