Copyright 1986-2019 Xilinx, Inc. All Rights Reserved.
--------------------------------------------------------------------------------------------------------------------------------------------------------------------------------------------------------------
| Tool Version : Vivado v.2019.2 (lin64) Build 2708876 Wed Nov  6 21:39:14 MST 2019
| Date         : Tue Apr 27 20:50:44 2021
| Host         : viz-n1.crc.pitt.edu running 64-bit Red Hat Enterprise Linux Server release 7.9 (Maipo)
| Command      : report_accelerator_utilization -kernels { nano_rev_nano_rev:pfm_top_i/dynamic_region/nano_rev_1/inst:nano_rev_1} -file ../../../output/kernel_util_routed.rpt -name kernel_util_routed -json
| Design       : pfm_top_wrapper
| Device       : xcu200
| Design State : Routed
--------------------------------------------------------------------------------------------------------------------------------------------------------------------------------------------------------------

Accelerator Utilization Design Information

Table of Contents
-----------------
1. System Utilization

1. System Utilization
---------------------

+---------------------+------------------+------------------+-------------------+----------------+---------------+----------------+
| Name                | LUT              | LUTAsMem         | REG               | BRAM           | URAM          | DSP            |
+---------------------+------------------+------------------+-------------------+----------------+---------------+----------------+
| Platform            | 186982 [ 15.82%] |  24795 [  4.19%] |  277047 [ 11.72%] |  345 [ 15.97%] |   0 [  0.00%] |   10 [  0.15%] |
| User Budget         | 995258 [100.00%] | 567045 [100.00%] | 2087433 [100.00%] | 1815 [100.00%] | 960 [100.00%] | 6830 [100.00%] |
|    Used Resources   |  52853 [  5.31%] |    131 [  0.02%] |   53982 [  2.59%] |    1 [  0.06%] |   0 [  0.00%] |   12 [  0.18%] |
|    Unused Resources | 942405 [ 94.69%] | 566914 [ 99.98%] | 2033451 [ 97.41%] | 1814 [ 99.94%] | 960 [100.00%] | 6818 [ 99.82%] |
| nano_rev_nano_rev   |  52853 [  5.31%] |    131 [  0.02%] |   53982 [  2.59%] |    1 [  0.06%] |   0 [  0.00%] |   12 [  0.18%] |
|    nano_rev_1       |  52853 [  5.31%] |    131 [  0.02%] |   53982 [  2.59%] |    1 [  0.06%] |   0 [  0.00%] |   12 [  0.18%] |
+---------------------+------------------+------------------+-------------------+----------------+---------------+----------------+


