Copyright 1986-2019 Xilinx, Inc. All Rights Reserved.
--------------------------------------------------------------------------------------------------------------------------------------------------------------------------------------------------------------
| Tool Version : Vivado v.2019.2 (lin64) Build 2708876 Wed Nov  6 21:39:14 MST 2019
| Date         : Mon Apr 26 00:15:52 2021
| Host         : viz-n1.crc.pitt.edu running 64-bit Red Hat Enterprise Linux Server release 7.9 (Maipo)
| Command      : report_accelerator_utilization -kernels { nano_rev_nano_rev:pfm_top_i/dynamic_region/nano_rev_1/inst:nano_rev_1} -file ../../../output/kernel_util_routed.rpt -name kernel_util_routed -json
| Design       : pfm_top_wrapper
| Device       : xcu200
| Design State : Routed
--------------------------------------------------------------------------------------------------------------------------------------------------------------------------------------------------------------

Accelerator Utilization Design Information

Table of Contents
-----------------
1. System Utilization

1. System Utilization
---------------------

+---------------------+-------------------+------------------+-------------------+----------------+---------------+----------------+
| Name                | LUT               | LUTAsMem         | REG               | BRAM           | URAM          | DSP            |
+---------------------+-------------------+------------------+-------------------+----------------+---------------+----------------+
| Platform            |  151703 [ 12.83%] |  17649 [  2.98%] |  221102 [  9.35%] |  301 [ 13.94%] |   0 [  0.00%] |    7 [  0.10%] |
| User Budget         | 1030537 [100.00%] | 574191 [100.00%] | 2143378 [100.00%] | 1859 [100.00%] | 960 [100.00%] | 6833 [100.00%] |
|    Used Resources   |  125341 [ 12.16%] |    144 [  0.03%] |  134254 [  6.26%] |   25 [  1.34%] |   0 [  0.00%] |  186 [  2.72%] |
|    Unused Resources |  905196 [ 87.84%] | 574047 [ 99.97%] | 2009124 [ 93.74%] | 1834 [ 98.66%] | 960 [100.00%] | 6647 [ 97.28%] |
| nano_rev_nano_rev   |  125341 [ 12.16%] |    144 [  0.03%] |  134254 [  6.26%] |   25 [  1.34%] |   0 [  0.00%] |  186 [  2.72%] |
|    nano_rev_1       |  125341 [ 12.16%] |    144 [  0.03%] |  134254 [  6.26%] |   25 [  1.34%] |   0 [  0.00%] |  186 [  2.72%] |
+---------------------+-------------------+------------------+-------------------+----------------+---------------+----------------+


